<?xml version="1.0" encoding="UTF-8"?>
<!-- Generated by org.testng.reporters.JUnitReportReporter -->
<testsuite hostname="DESKTOP-6GVOOPD" failures="0" tests="7" name="crmtests.HomePageTest" time="117.401" errors="0" timestamp="2023-05-09T21:47:19 IST" skipped="3">
  <testcase classname="crmtests.HomePageTest" name="validateRedirectionOfCreateContactTest" time="32.736"/>
  <system-out/>
  <testcase classname="crmtests.HomePageTest" name="valdiateRedirectionOfcreateDealTest" time="28.257"/>
  <system-out/>
  <testcase classname="crmtests.HomePageTest" name="validateRedirectionOfCreateCompanyTest" time="27.958"/>
  <system-out/>
  <testcase classname="crmtests.HomePageTest" name="valdiateRedirectionOfcreateTaskTest" time="28.450"/>
  <system-out/>
  <testcase classname="crmtests.HomePageTest" name="validateLogoutTest">
    <skipped/>
  </testcase> <!-- validateLogoutTest -->
  <system-out/>
  <testcase classname="crmtests.HomePageTest" name="validateHomePageLogoTest">
    <skipped/>
  </testcase> <!-- validateHomePageLogoTest -->
  <system-out/>
  <testcase classname="crmtests.HomePageTest" name="validateUserTest">
    <skipped/>
  </testcase> <!-- validateUserTest -->
  <system-out/>
</testsuite> <!-- crmtests.HomePageTest -->
