<?xml version="1.0" encoding="UTF-8"?>
<!-- Generated by org.testng.reporters.JUnitReportReporter -->
<testsuite hostname="DESKTOP-6GVOOPD" failures="0" tests="3" name="crmtests.LoginPageTest" time="60.691" errors="0" timestamp="2023-05-01T22:20:27 IST" skipped="0">
  <testcase classname="crmtests.LoginPageTest" name="validateLogoTest" time="14.863"/>
  <system-out/>
  <testcase classname="crmtests.LoginPageTest" name="validateLinksTest" time="14.232"/>
  <system-out/>
  <testcase classname="crmtests.LoginPageTest" name="validateLoginTest" time="31.596"/>
  <system-out/>
</testsuite> <!-- crmtests.LoginPageTest -->
