<?xml version="1.0" encoding="UTF-8"?>
<!-- Generated by org.testng.reporters.JUnitReportReporter -->
<testsuite hostname="DESKTOP-6GVOOPD" failures="0" tests="3" name="tests.LoginPageTest" time="67.774" errors="0" timestamp="2023-05-01T21:44:55 IST" skipped="0">
  <testcase classname="tests.LoginPageTest" name="validateLoginTest" time="31.179"/>
  <system-out/>
  <testcase classname="tests.LoginPageTest" name="validateLinksTest" time="14.545"/>
  <system-out/>
  <testcase classname="tests.LoginPageTest" name="validateLogoTest" time="22.050"/>
  <system-out/>
</testsuite> <!-- tests.LoginPageTest -->
