<?xml version="1.0" encoding="UTF-8"?>
<!-- Generated by org.testng.reporters.JUnitReportReporter -->
<testsuite hostname="DESKTOP-6GVOOPD" failures="0" tests="1" name="GoogleTest" time="20.014" errors="0" timestamp="2023-04-30T21:40:19 IST" skipped="0">
  <testcase classname="GoogleTest" name="googleSearchTest" time="20.014"/>
  <system-out/>
</testsuite> <!-- GoogleTest -->
